sample.interval=20000
"gc" "microbenchmark" 
"gc" "microbenchmark" 
"gc""gc" "microbenchmark" 
 "microbenchmark" 
"gc" "microbenchmark" 
"gc" "microbenchmark" 
"gc" "microbenchmark" 
"gc" "microbenchmark" 
""ggcc""  ""mmiicrcroobbeencnhmachrmarkk" " 

"gc" "microbenchmark" "gc" "microbe
nchmark" 
"gc" "gc" "micro"mibenchmark" 
crobenchmark" 
"gc" "mi"gc" "microbenchcrobenchmarkmark" " 

"gc" "microbenchmark" 
"gc" "microbenchmark" 
"gc" "microbenchmark" 
"gc" "microbenchmark" 
"gc" "microbenchmark""gc 
" "microbenchmark" 
"gc" "microbenchmark" 
"gc" "microbenchmark" 
"gc" "microbe"nchmark" 
gc" "microbenchmark" 
"gc" "microbenchmark" 
"gc" "microbenchmark" 
"g"gc" "microbenchc" "microbenmark" 
chmark" 
".Call" "microbenchmark" 
".Call" "microbenchmark" 
"".Ca.Call" "microbenchmark" 
ll" "microbenchmark" 
".Call" "microbenchmark" 
".Call" "microbenchmark" 
".Call" "microbenchmark" 
".Call" "microbenchmark" 
".Call" "microbenchmark" 
".Call" "microbenchmark" 
".Call" "microbenchmark" 
".Call" "microbenchmark" 
".Call" "microbenchmark" 
".Call" "microbenchmark" 
"exists" "findCenvVar" "getInlineInfo" "tryInline" "cmpCall" "cmp" "cmpPrim2" "h" "tryInline" "cmpCall" "cmp" "cmpSubsetDispatch" "h" "tryInline" "cmpCall" "cmp" "cmpBuiltinArgs" "h" "tryInline" "cmpCall" "cmp" "cmpSymbolAssign" "h" "tryInline" "cmpCall" "cmp" "h" "tryInline" "cmpCall" "cmp" "genCode" "cmpfun" "doTryCatch" "tryCatchOne" "tryCatchList" "tryCatch" "compiler:::tryCmpfun" "blaweed" "test2" ".Call" "microbenchmark" 
"findCenvVar" "getInlineInfo" "tryInline" "cmpCall" "cmp" "cmpPrim2" "h" "tryInline" "cmpCall" "cmp" "cmpSubsetDispatch" "h" "tryInline" "cmpCall" "cmp" "cmpBuiltinArgs" "h" "tryInline" "cmpCall" "cmp" "cmpSymbolAssign" "h" "tryInline" "cmpCall" "cmp" "h" "tryInline" "cmpCall" "cmp" "genCode" "cmpfun" "doTryCatch" "tryCatchOne" "tryCatchList" "tryCatch" "compiler:::tryCmpfun" "blaweed" "test2" ".Call" "microbenchmark" 
"ls" "FUN" "lapply" ".rs.objectsOnSearchPath" ".rs.getCompletionsSearchPath" "Reduce" "<Anonymous>" 
"ls" "FUN" "lapply" ".rs.objectsOnSearchPath" ".rs.getCompletionsSearchPath" "Reduce" "<Anonymous>" 
"ls" "FUN" "lapply" ".rs.objectsOnSearchPath" ".rs.getCompletionsSearchPath" "Reduce" "<Anonymous>" 
"ls" "FUN" "lapply" ".rs.objectsOnSearchPath" ".rs.getCompletionsSearchPath" "Reduce" "<Anonymous>" 
"substring" ".rs.startsWith" ".rs.fuzzyMatches" ".rs.getCompletionsSearchPath" "Reduce" "<Anonymous>" 
"substring" ".rs.startsWith" ".rs.fuzzyMatches" ".rs.getCompletionsSearchPath" "Reduce" "<Anonymous>" 
"ls" "FUN" "lapply" ".rs.objectsOnSearchPath" ".rs.getCompletionsSearchPath" "Reduce" "<Anonymous>" 
"ls" "FUN" "lapply" ".rs.objectsOnSearchPath" ".rs.getCompletionsSearchPath" "Reduce" "<Anonymous>" 
"ls" "FUN" "lapply" ".rs.objectsOnSearchPath" ".rs.getCompletionsSearchPath" "Reduce" "<Anonymous>" 
"ls" "FUN" "lapply" ".rs.objectsOnSearchPath" ".rs.getCompletionsSearchPath" "Reduce" "<Anonymous>" 
"ls" "FUN" "lapply" ".rs.objectsOnSearchPath" ".rs.getCompletionsSearchPath" "Reduce" "<Anonymous>" 
"ls" "FUN" "lapply" ".rs.objectsOnSearchPath" ".rs.getCompletionsSearchPath" "Reduce" "<Anonymous>" 
"ls" "FUN" "lapply" ".rs.objectsOnSearchPath" ".rs"ls" "FUN" "lapp.getColy" ".rs.objectsOnSearchPath" ".rs.getCompletionsSearchPath" "Reduce" "<Anonymous>" 
mpletionsSearchPath" "Reduce" "<Anonymous>" 
"ls" "FUN" "lapply" ".rs.objectsOnSearchPath" ".rs.getCompletionsSearchPa"ls" "FUN" "lapply" ".rs.objectsOnSearchPath" ".rs.getCompletionsSearchPath" "Reduce" "<Anonymous>" 
th" "Reduce" "<Anonymous>" 
"ls" "FUN" "ls" "FU"laN" "lapply" ".rs.objectsOnSearchPpath"ply" ".rs.objec ".rs.getCtsOnompletionsSearchSPath" "Reduce" "<Anonymous>" 
earchPath" ".rs.getCompletionsSearchPath" "Reduce" "<Anonymous>" 
"tolower" ""tolower" "nchar" ".rs.stanchar" ".rs.startsrtsWitWith" ".rs.fuzzyMh" ".rs.fuzzyatches" "Matches" .rs.getCompletionsSearchPath" "Reduce" "".rs.getCompletionsSe<Anonymous>" archPath" "Re
duce" "<Anonymous>" 
"gsub" ".rs.fuzzyMatches" "doTryCatch" "tryCatchOne" "tryCatchList" "tryCatch" ".rs.resolveFormals" ".rs.getCompletionsFunction" ".rs.appendCompletions" ".rs.getRCompletions" ".rs.appendCompletions" "<Anonymous>" 
"gsub" ".rs.fuzzyMatches" "doTryCatch" "tryCatchOne" "tryCatchList" "tryCatch" ".rs.resolveFormals" ".rs.getCompletionsFunction" ".rs.appendCompletions" ".rs.getRCompletions" ".rs.appendCompletions" "<Anonymous>" 
"ls" "FUN" "lapply" ".rs.objectsOnSearchPath" ".rs.getComplet"ls" "FUN" "lapply" ".rs.objectsOnSearchPath" ".rs.getCompletionsSearchPath" "Reduce" "<Anonymous>" ionsSearchPat
h" "Reduce" "<Anonymous>" 
"ls" "FUN" "lapply" ".rs.objectsOnSearchPath" ".rs.getCompletionsSearchPath" "Reduc"ls" "FUN" "lapply" e" "<Ano".rs.objectsOnSearchPath" ".rs.getCompletionsSearchPath" "Reduce" "<Anonymous>" ny
mous>" 
"ls" "FUN" "lapply" ".rs.objectsOnSearchPath" ".rs.getCompletionsSearchPath" "Reduce" "<Anonymous>" 
"ls" "FUN" "lapply" ".rs.objectsOnSearchPath" ".rs.getCompletionsSearchPath" "Reduce" "<Anonymous>" 
"gc" "microbenchmark" 
"gc" "microbenchmark" 
"gc" "m"gc" "microbenchmark" 
icrobenchmark" 
"gc" "micr"gc" "microbencobenchmark" hmark" 

"gc" "mi"crobenchmark" 
gc" "microbenchmark" 
"gc" "microbenchma"gc" "microbenchrk" 
mark" 
"gc" "microbenchmark" "gc" "microb
enchmark" 
""ggcc""  ""mimcriocrbobeenncchhmmarark"k"  

""ggcc""  ""mmicicrorbenochbmenarchkma"r k" 

"g"gc" "microbenchmarkc" "micr" 
obenchmark" 
"gc" "microbenchmark" 
"gc" "microbenchmark" 
""ggcc""  ""mimcircroboenbcenhcmhamarkrk""  

"gc" "microbenchmark" 
"gc" "microbenchmark" 
"gc" "microbenchmark" 
"gc" "microbenchmark" 
"gc" "microbe"gc" "mnchicrobenchmark" 
mark" 
"gc" "microbenchmark" "gc"
 "microbenchmark" 
".Call" "microbenchmark" 
".Call" "microbenchmark" 
".Call" "m".Callicrobenchmark" 
" "microbenchmark" 
".Call" "microbenchmark" 
".Call" "microbenchmark" 
".Call" "microbenchmark" 
".Call" "microbenchmark" 
".Call" "microbenchmark" 
".Call" "microbenchmark" 
".Call" "microbenchmark" 
".Call" "microbenchmark" 
".Call" "microbenchmark" ".Call" "m
icrobenchmark" 
"blaweed" "test2""blaweed" "test2" ".Call" "microbenchmark" 
 ".Call" "microbenchmark" 
"blaweed" "test2" ".Call" "microbenchmark" 
"blaweed" "test2" ".Call" "microbenchmark" 
"blaweed" "test2" ".Call" "microbenchmark" 
"blaweed" "test2" ".Call" "microbenchmark" 
"blaweed" "test2" ".Call" "microbenchmark" 
"blaweed" "test2" ".Call" "microbenchmark" 
"blaweed" "test2" ".Call" "microbenchmark" 
"blaweed" "test2" ".Call" "microbenchmark" 
"blaweed" "test2" ".Call" "microbenchmark" 
"blaweed" "test2" ".Call" "microbenchmark" 
"blaweed"blaweed" "test2" ".Call" "microbenchmark" 
" "test2" ".Call" "microbenchmark" 
"blaweed" "test2" ".Call" "microbenchmark" 
"blaweed" "test2" ".Call" "microbenchmark" 
"blaweed" "test2" ".Call" "microbenchmark" 
"blaweed" "test2" ".Call" "microbenchmark" 
"blaweed" "test2" ".Call" "microbenchmark" 
"blaweed" "test2" ".Call" "microbenchmark" 
"blaweed" "test2" ".Call" "microbenchmark" 
"blaweed" "test2" ".Call" "microbenchmark" 
"blaweed" "test2" ".Call" "microbenchmark" 
"blaweed" "test2" ".Call" "microbenchmark" 
"blaweed" "test2" ".Call" "microbenchmark" 
"blaweed" "test2" ".Call" "microbenchmark" 
"blaweed" "test2" ".Call" "microbenchmark" 
"blaweed" "test2" ".Call" "microbenchmark" 
"blaweed" "test2" ".Call" "microbenchmark" 
"blaweed" "test2" ".Call" "microbenchmark" 
"blaweed" "test2" ".Call" "microbenchmark" 
"blaweed" "test2" ".Call" "microbenchmark" 
"blaweed" "test2" ".Call" "microbenchmark" 
"blaweed" "test2" ".Call" "microbenchmark" 
"blaweed" "test2" ".Call" "microbenchmark" 
"blaweed" "test2" ".Call" "microbenchmark" 
"blaweed" "test2" ".Call" "microbenchmark" 
"blaweed" "test2" ".Call" "microbenchmark" 
"blaweed" "test2" ".Call" "microbenchmark" 
"blaweed" "test2" ".Call" "microbenchmark" 
"blaweed" "test2" ".Call" "microbenchmark" 
"blaweed" "test2" ".Call" "microbenchmark" 
"blaweed" "test2" ".Call" "microbenchmark" 
"blaweed" "test2" ".Call" "microbenchmark" 
"blaweed" "test2" ".Call" "microbenchmark" 
"blaweed" "test2" ".Call" "microbenchmark" 
"blaweed" "test2" ".Call" "microbenchmark" 
"blaweed" "test2" ".Call" "microbenchmark" 
"blaweed" "test2" ".Call" "microbenchmark" 
"blaweed" "test2" ".Call" "microbenchmark" 
"blaweed" "test2" ".Call" "microbenchmark" 
"blaweed" "test2" ".Call" "microbenchmark" 
"blaweed" "test2" ".Call" "microbenchmark" 
"blaweed" "test2" ".Call" "microbenchmark" 
"blaweed" "test2" ".Call" "microbenchmark" 
"blaweed" "test2" ".Call" "microbenchmark" 
"blaweed" "test2" ".Call" "microbenchmark" 
"blaweed" "test2" ".Call" "microbenchmark" 
"blaweed" "test2" ".Call" "microbenchmark" 
"blaweed" "test2" ".Call" "microbenchmark" 
"blaweed" "test2" ".Call" "microbenchmark" 
"blaweed" "test2" ".Call" "microbenchmark" 
"blaweed" "test2" ".Call" "microbenchmark" 
"blaweed" "test2" ".Call" "microbenchmark" 
"blaweed" "test2" ".Call" "microbenchmark" 
"blaweed" "test2" ".Call" "microbenchmark" 
"blaweed" "test2" ".Call" "microbenchmark" 
"blaweed" "test2" ".Call" "microbenchmark" 
"blaweed" "test2" ".Call" "microbenchmark" 
"blaweed" "test2" ".Call" "microbenchmark" 
"blaweed" "test2" ".Call" "microbenchmark" 
"blaweed" "test2" ".Call" "microbenchmark" 
"blaweed" "test2" ".Call" "microbenchmark" 
"blaweed" "test2" ".Call" "microbenchmark" 
"blaweed" "test2" ".Call" "microbenchmark" 
"blaweed" "test2" ".Call" "microbenchmark" 
"blaweed" "test2" ".Call" "microbenchmark" 
"blaweed" "test2" ".Call" "microbenchmark" 
"blaweed" "test2" ".Call" "microbenchmark" 
"blaweed" "test2" ".Call" "microbenchmark" 
"blaweed" "test2" ".Call" "microbenchmark" 
"blaweed" "test2" ".Call" "microbenchmark" 
"blaweed" "test2" ".Call" "microbenchmark" 
"blaweed" "test2" ".Call" "microbenchmark" 
"blaweed" "test2" ".Call" "microbenchmark" 
"blaweed" "test2" ".Call" "microbenchmark" 
"blaweed" "test2" ".Call" "microbenchmark" 
"blaweed" "test2" ".Call" "microbenchmark" 
"blaweed" "test2" ".Call" "microbenchmark" 
"blaweed" "test2" ".Call" "microbenchmark" 
"class" "doTryCatch" "tryCatchOne" "tryCatchList" "tryCatch" ".rs.getSingleClass" "<Anonymous>" "blaweed" "test2" ".Call" "microbenchmark" 
"blaweed" "test2" ".Call" "microbenchmark" 
"blaweed" "test2" ".Call" "microbenchmark" 
"blaweed" "test2" ".Call" "microbenchmark" 
"blaweed" "test2" ".Call" "microbenchmark" 
"blaweed" "test2" ".Call" "microbenchmark" 
"blaweed" "test2" ".Call" "microbenchmark" 
"blaweed" "test2" ".Call" "microbenchmark" 
"blaweed" "test2" ".Call" "microbenchmark" 
"blaweed" "test2" ".Call" "microbenchmark" 
"blaweed" "test2" ".Call" "microbenchmark" 
"blaweed" "test2" ".Call" "microbenchmark" 
"blaweed" "test2" ".Call" "microbenchmark" 
"blaweed" "test2" ".Call" "microbenchmark" 
"blaweed" "test2" ".Call" "microbenchmark" 
"blaweed" "test2" ".Call" "microbenchmark" 
"blaweed" "test2" ".Call" "microbenchmark" 
"blaweed" "test2" ".Call" "microbenchmark" 
"blaweed" "test2" ".Call" "microbenchmark" 
"blaweed" "test2" ".Call" "microbenchmark" 
"blaweed" "test2" ".Call" "microbenchmark" 
"blaweed" "test2" ".Call" "microbenchmark" 
"blaweed" "test2" ".Call" "microbenchmark" 
"blaweed" "test2" ".Call" "microbenchmark" 
"blaweed" "test2" ".Call" "microbenchmark" 
"blaweed" "test2" ".Call" "microbenchmark" 
"blaweed" "test2" ".Call" "microbenchmark" 
"blaweed" "test2" ".Call" "microbenchmark" 
"blaweed" "test2" ".Call" "microbenchmark" 
"blaweed" "test2" ".Call" "microbenchmark" 
"blaweed" "test2" ".Call" "microbenchmark" 
"blaweed" "test2" ".Call" "microbenchmark" 
"blaweed" "test2" ".Call" "microbenchmark" 
"blaweed" "test2" ".Call" "microbenchmark" 
"blaweed" "test2" ".Call" "microbenchmark" 
"blaweed" "test2" ".Call" "microbenchmark" 
"blaweed" "test2" ".Call" "microbenchmark" 
"blaweed" "test2" ".Call" "microbenchmark" 
"blaweed" "test2" ".Call" "microbenchmark" 
"blaweed" "test2" ".Call" "microbenchmark" 
"blaweed" "test2" ".Call" "microbenchmark" 
"blaweed" "test2" ".Call" "microbenchmark" 
"blaweed" "test2" ".Call" "microbenchmark" 
"blaweed" "test2" ".Call" "microbenchmark" 
"blaweed" "test2" ".Call" "microbenchmark" 
"blaweed" "test2" ".Call" "microbenchmark" 
"blaweed" "test2" ".Call" "microbenchmark" 
"blaweed" "test2" ".Call" "microbenchmark" 
"blaweed" "test2" ".Call" "microbenchmark" 
"blaweed" "test2" ".Call" "microbenchmark" 
"blaweed" "test2" ".Call" "microbenchmark" 
"blaweed" "test2" ".Call" "microbenchmark" 
"blaweed" "test2" ".Call" "microbenchmark" 
"blaweed" "test2" ".Call" "microbenchmark" 
"blaweed" "test2" ".Call" "microbenchmark" 
"blaweed" "test2" ".Call" "microbenchmark" 
"blaweed" "test2" ".Call" "microbenchmark" 
"blaweed" "test2" ".Call" "microbenchmark" 
"blaweed" "test2" ".Call" "microbenchmark" 
"blaweed" "test2" ".Call" "microbenchmark" 
"blaweed" "test2" ".Call" "microbenchmark" 
"blaweed" "test2" ".Call" "microbenchmark" 
"blaweed" "test2" ".Call" "microbenchmark" 
"blaweed" "test2" ".Call" "microbenchmark" 
"blaweed" "test2" ".Call" "microbenchmark" 
"blaweed" "test2" ".Call" "microbenchmark" 
"blaweed" "test2" ".Call" "microbenchmark" 
"blaweed" "test2" ".Call" "microbenchmark" 
"blaweed" "test2" ".Call" "microbenchmark" 
"blaweed" "test2" ".Call" "microbenchmark" 
"blaweed" "test2" ".Call" "microbenchmark" 
"blaweed" "test2" ".Call" "microbenchmark" 
"blaweed" "test2" ".Call" "microbenchmark" 
"blaweed" "test2" ".Call" "microbenchmark" 
"blaweed" "test2" ".Call" "microbenchmark" 
"blaweed" "test2" ".Call" "microbenchmark" 
"blaweed" "test2" ".Call" "microbenchmark" 
"blaweed" "test2" ".Call" "microbenchmark" 
"blaweed" "test2" ".Call" "microbenchmark" 
"blaweed" "test2" ".Call" "microbenchmark" 
"blaweed" "test2" ".Call" "microbenchmark" 
"blaweed" "test2" ".Call" "microbenchmark" 
"blaweed" "test2" ".Call" "microbenchmark" 
"blaweed" "test2" ".Call" "microbenchmark" 
"blaweed" "test2" ".Call" "microbenchmark" 
"blaweed" "test2" ".Call" "microbenchmark" 
"blaweed" "test2" ".Call" "microbenchmark" 
"blaweed" "test2" ".Call" "microbenchmark" 
"blaweed" "test2" ".Call" "microbenchmark" 
"blaweed" "test2" ".Call" "microbenchmark" 
"blaweed" "test2" ".Call" "microbenchmark" 
"blaweed" "test2" ".Call" "microbenchmark" 
"blaweed" "test2" ".Call" "microbenchmark" 
"blaweed" "test2" ".Call" "microbenchmark" 
"blaweed" "test2" ".Call" "microbenchmark" 
"blaweed" "test2" ".Call" "microbenchmark" 
"blaweed" "test2" ".Call" "microbenchmark" 
"blaweed" "test2" ".Call" "microbenchmark" 
"blaweed" "test2" ".Call" "microbenchmark" 
"blaweed" "test2" ".Call" "microbenchmark" 
"blaweed" "test2" ".Call" "microbenchmark" 
"blaweed" "test2" ".Call" "microbenchmark" 
"blaweed" "test2" ".Call" "microbenchmark" 
"blaweed" "test2" ".Call" "microbenchmark" 
"blaweed" "test2" ".Call" "microbenchmark" 
"blaweed" "test2" ".Call" "microbenchmark" 
"blaweed" "test2" ".Call" "microbenchmark" 
"blaweed" "test2" ".Call" "microbenchmark" 
"blaweed" "test2" ".Call" "microbenchmark" 
"blaweed" "test2" ".Call" "microbenchmark" 
"blaweed" "test2" ".Call" "microbenchmark" 
"blaweed" "test2" ".Call" "microbenchmark" 
"blaweed" "test2" ".Call" "microbenchmark" 
"blaweed" "test2" ".Call" "microbenchmark" 
"blaweed" "test2" ".Call" "microbenchmark" 
"blaweed" "test2" ".Call" "microbenchmark" 
"blaweed" "test2" ".Call" "microbenchmark" 
"blaweed" "test2" ".Call" "microbenchmark" 
"blaweed" "test2" ".Call" "microbenchmark" 
"blaweed" "test2" ".Call" "microbenchmark" 
"blaweed" "test2" ".Call" "microbenchmark" 
"blaweed" "test2" ".Call" "microbenchmark" 
"blaweed" "test2" ".Call" "microbenchmark" 
"blaweed" "test2" ".Call" "microbenchmark" 
"blaweed" "test2" ".Call" "microbenchmark" 
"blaweed" "test2" ".Call" "microbenchmark" 
"blaweed" "test2" ".Call" "microbenchmark" 
"blaweed" "test2" ".Call" "microbenchmark" 
"blaweed" "test2" ".Call" "microbenchmark" 
"blaweed" "test2" ".Call" "microbenchmark" 
"blaweed" "test2" ".Call" "microbenchmark" 
"blaweed" "test2" ".Call" "microbenchmark" 
"blaweed" "test2" ".Call" "microbenchmark" 
"blaweed" "test2" ".Call" "microbenchmark" 
"blaweed" "test2" ".Call" "microbenchmark" 
"blaweed" "test2" ".Call" "microbenchmark" 
"blaweed" "test2" ".Call" "microbenchmark" 
"blaweed" "test2" ".Call" "microbenchmark" 
"blaweed" "test2" ".Call" "microbenchmark" 
"blaweed" "test2" ".Call" "microbenchmark" 
"blaweed" "test2" ".Call" "microbenchmark" 
"blaweed" "test2" ".Call" "microbenchmark" 
"blaweed" "test2" ".Call" "microbenchmark" 
"blaweed" "test2" ".Call" "microbenchmark" 
"blaweed" "test2" ".Call" "microbenchmark" 
"blaweed" "test2" ".Call" "microbenchmark" 
"blaweed" "test2" ".Call" "microbenchmark" 
"blaweed" "test2" ".Call" "microbenchmark" 
"blaweed" "test2" ".Call" "microbenchmark" 
"blaweed" "test2" ".Call" "microbenchmark" 
"blaweed" "test2" ".Call" "microbenchmark" 
"blaweed" "test2" ".Call" "microbenchmark" 
"blaweed" "test2" ".Call" "microbenchmark" 
"blaweed" "test2" ".Call" "microbenchmark" 
"blaweed" "test2" ".Call" "microbenchmark" 
"blaweed" "test2" ".Call" "microbenchmark" 
"blaweed" "test2" ".Call" "microbenchmark" 
"blaweed" "test2" ".Call" "microbenchmark" 
"blaweed" "test2" ".Call" "microbenchmark" 
"blaweed" "test2" ".Call" "microbenchmark" 
"blaweed" "test2" ".Call" "microbenchmark" 
"blaweed" "test2" ".Call" "microbenchmark" 
"blaweed" "test2" ".Call" "microbenchmark" 
"blaweed" "test2" ".Call" "microbenchmark" 
"blaweed" "test2" ".Call" "microbenchmark" 
"blaweed" "test2" ".Call" "microbenchmark" 
"blaweed" "test2" ".Call" "microbenchmark" 
"blaweed" "test2" ".Call" "microbenchmark" 
"blaweed" "test2" ".Call" "microbenchmark" 
"blaweed" "test2" ".Call" "microbenchmark" 
"blaweed" "test2" ".Call" "microbenchmark" 
"blaweed" "test2" ".Call" "microbenchmark" 
"blaweed" "test2" ".Call" "microbenchmark" 
"blaweed" "test2" ".Call" "microbenchmark" 
"blaweed" "test2" ".Call" "microbenchmark" 
"blaweed" "test2" ".Call" "microbenchmark" 
"blaweed" "test2" ".Call" "microbenchmark" 
"blaweed" "test2" ".Call" "microbenchmark" 
"blaweed" "test2" ".Call" "microbenchmark" 
"blaweed" "test2" ".Call" "microbenchmark" 
"blaweed" "test2" ".Call" "microbenchmark" 
"blaweed" "test2" ".Call" "microbenchmark" 
"blaweed" "test2" ".Call" "microbenchmark" 
"blaweed" "test2" ".Call" "microbenchmark" 
"blaweed" "test2" ".Call" "microbenchmark" 
"blaweed" "test2" ".Call" "microbenchmark" 
"blaweed" "test2" ".Call" "microbenchmark" 
"blaweed" "test2" ".Call" "microbenchmark" 
"blaweed" "test2" ".Call" "microbenchmark" 
"blaweed" "test2" ".Call" "microbenchmark" 
"blaweed" "test2" ".Call" "microbenchmark" 
"blaweed" "test2" ".Call" "microbenchmark" 
"blaweed" "test2" ".Call" "microbenchmark" 
"blaweed" "test2" ".Call" "microbenchmark" 
"blaweed" "test2" ".Call" "microbenchmark" 
"blaweed" "test2" ".Call" "microbenchmark" 
"blaweed" "test2" ".Call" "microbenchmark" 
"blaweed" "test2" ".Call" "microbenchmark" 
"blaweed" "test2" ".Call" "microbenchmark" 
"blaweed" "test2" ".Call" "microbenchmark" 
"blaweed" "test2" ".Call" "microbenchmark" 
"blaweed" "test2" ".Call" "microbenchmark" 
"blaweed" "test2" ".Call" "microbenchmark" 
"blaweed" "test2" ".Call" "microbenchmark" 
"blaweed" "test2" ".Call" "microbenchmark" 
"blaweed" "test2" ".Call" "microbenchmark" 
"blaweed" "test2" ".Call" "microbenchmark" 
"blaweed" "test2" ".Call" "microbenchmark" 
"blaweed" "test2" ".Call" "microbenchmark" 
"blaweed" "test2" ".Call" "microbenchmark" 
"blaweed" "test2" ".Call" "microbenchmark" 
"blaweed" "test2" ".Call" "microbenchmark" 
"blaweed" "test2" ".Call" "microbenchmark" 
"blaweed" "test2" ".Call" "microbenchmark" 
"blaweed" "test2" ".Call" "microbenchmark" 
"blaweed" "test2" ".Call" "microbenchmark" 
"blaweed" "test2" ".Call" "microbenchmark" 
"blaweed" "test2" ".Call" "microbenchmark" 
"blaweed" "test2" ".Call" "microbenchmark" 
"blaweed" "test2" ".Call" "microbenchmark" 
"blaweed" "test2" ".Call" "microbenchmark" 
"blaweed" "test2" ".Call" "microbenchmark" 
"blaweed" "test2" ".Call" "microbenchmark" 
"blaweed" "test2" ".Call" "microbenchmark" 
"blaweed" "test2" ".Call" "microbenchmark" 
"blaweed" "test2" ".Call" "microbenchmark" 
"blaweed" "test2" ".Call" "microbenchmark" 
"blaweed" "test2" ".Call" "microbenchmark" 
"blaweed" "test2" ".Call" "microbenchmark" 
"blaweed" "test2" ".Call" "microbenchmark" 
"blaweed" "test2" ".Call" "microbenchmark" 
"blaweed" "test2" ".Call" "microbenchmark" 
"blaweed" "test2" ".Call" "microbenchmark" 
"blaweed" "test2" ".Call" "microbenchmark" 
"blaweed" "test2" ".Call" "microbenchmark" 
"blaweed" "test2" ".Call" "microbenchmark" 
"blaweed" "test2" ".Call" "microbenchmark" 
"blaweed" "test2" ".Call" "microbenchmark" 
"blaweed" "test2" ".Call" "microbenchmark" 
"blaweed" "test2" ".Call" "microbenchmark" 
"blaweed" "test2" ".Call" "microbenchmark" 
"blaweed" "test2" ".Call" "microbenchmark" 
"blaweed" "test2" ".Call" "microbenchmark" 
"blaweed" "test2" ".Call" "microbenchmark" 
"blaweed" "test2" ".Call" "microbenchmark" 
"blaweed" "test2" ".Call" "microbenchmark" 
"blaweed" "test2" ".Call" "microbenchmark" 
"blaweed" "test2" ".Call" "microbenchmark" 
"blaweed" "test2" ".Call" "microbenc"blaweed" "test2" ".hmark" 
Call" "microbenchmark" 
"blaweed" "test2" ".Call" "microbenchmark" 
"blaweed" "test2" ".Call" "microbenchmark" 
"blaweed" "test2" ".Call" "microbenchmark" 
"blaweed" "test2" ".Call" "microbenchmark" 
"blaweed" "test2" ".Call" "microbenchmark" 
"blaweed" "test2" ".Call" "microbenchmark" 
"blaweed" "test2" ".Call" "microbenchmark" 
"blaweed" "test2" ".Call" "microbenchmark" 
"blaweed" "test2" ".Call" "microbenchmark" 
"blaweed" "test2" ".Call" "microbenchmark" 
"bla"blaweed" "test2" ".Call" "microbenchmark" 
weed" "test2" ".Call" "microbenchmark" 
"blaweed" "test2" ".Call" "microbenchmark" 
"blaweed" "test2" ".Call" "microbenchmark" 
"blaweed" "test2" ".Call" "microbenchmark" 
"blaweed" "test2" ".Call" "microbenchmark" 
"blaweed" "test2" ".Call" "microbenchmark" 
"blaweed" "test2" ".Call" "microbenchmark" 
"blaweed" "test2" ".Call" "microbenchmark" 
"blaweed" "test2" ".Call" "microbenchmark" 
"blaweed" "test2" ".Call" "microbenchmark" 
"blaweed" "test2" ".Call" "microbenchmark" 
"blaw"blaweed" "teed" "test2est2" ".Call" "microbenchmark" 
" ".Call" "microbenchmark" 
"blaweed" "test2" ".Call" "microbenchmark" 
"blaweed" "test2" ".Call" "microbenchmark" 
"blawe"blaweed" "test2" ".Call" "microbenchmark" 
ed" "test2" ".Call" "microbenchmark" 
"blaw"blaweed" "test2" ".Call" "microbenchmeed" ark" 
"test2" ".Call" "microbenchmark" 
"blaweed" "test2" ".Call" "microbenchmark" 
"blaweed" "test2" ".Call" "microbenchmark" 
"blaweed" "test2" ".Call" "microbenchmark" 
"blaweed" "test2" ".Call" "microbenchmark" 
"blaweed" "test2" ".Call" "microbenchmark" 
"blaweed" "test2" ".Call" "microbenchmark" 
"blaweed" "test2" ".Call" "microbenchmark" 
"blaweed" "test2" ".Call" "microbenchmark" 
"blaweed""blaweed" "test2" ".Call" "microbenchmark" 
 "test2" ".Call" "microbenchmark" 
"blaweed" "test2" ".Call" "microbenchmark" 
"blaweed" "test2" ".Call" "microbenchmark" 
"bla"blaweed" "test2" ".Call" "microbenchmark" 
weed" "test2" ".Call" "microbenchmark" 
"blaweed" "test2" ".Call" "microbenchmark" 
"blaweed" "test2" ".Call" "microbenchmark" 
"blaweed" "test2" ".Call" "microbenchmark" 
"blaweed" "test2" ".Call" "microbenchmark" 
"blaweed" "test2" ".Call" "micr"blaweed" "testobenchmark" 
2" ".Call" "microbenchmark" 
"blaweed" "test2" ".Call" "microbenchmark" 
"blaweed" "test2" ".Call" "microbenchmark" 
"blaweed"blaweed" "test2" ".Call" "microbenchmark" 
" "test2" ".Call" "microbenchmark" 
"blaweed" "test2" ".Call" "microbenchmark" 
"blaweed" "test2" ".Call" "microbenchmark" 
"blaweed" "test2" ".Call" "microbenchmark" 
"blaweed" "test2" ".Call" "microbenchmark" 
"blaweed" "te"st2" ".Call" "microbenchmark" 
blaweed" "test2" ".Call" "microbenchmark" 
"blaweed" "test2" ".Call" "microbenchmark" 
"blaweed" "test2" ".Call" "microbenchmark" 
"blaweed" "test2" ".Call" "microbenchmark" 
"blaweed" "test2" ".Call" "microbenchmark" 
"blaweed" "test2" ".Call" "microbenc"blaweed" "test2" ".Call" "microbenchmark" 
hmark" 
"blaweed" "test2" ".Call" "microbenchmark" 
"blaweed" "test2" ".Call" "microbenchmark" 
"blaweed" "te"blaweed" "test2" ".Call" "microbenchmark" 
st2" ".Call" "microbenchmark" 
"blaweed"blaweed" "test2" ".Call" "microbenchmark" 
" "test2" ".Call" "microbenchmark" 
"blaweed" "test2" ".Call" "microbenchmark" 
"blaweed" "test2" ".Call" "microbenchmark" 
"blaweed" "test2" ".Call" "microbenchmark" 
"blaweed" "test2" ".Call" "microbenchmark" 
"blaweed" "test2" ".Call" "microbenchmark" 
"blaweed" "test2" ".Call" "microbenchmark" 
""blblaweed" "test2" ".Call" "microbenchmark" 
aweed" "test2" ".Call" "microbenchmark" 
"blaweed" "test2" ".Call" "microbenchmark" 
"blaweed" "test2" ".Call" "microbenchmark" 
"blaweed" "test2" ".Call" "microbenchmark" 
"blaweed" "test2" ".Call" "microbenchmark" 
"blaweed" "test2" ".Call" "microbenchmark" 
"blaweed" "test2" ".Call" "microbenchmark" 
"blaweed" "test2" ".Call" "microbenchmark" 
"blaweed" "test2" ".Call" "microbenchmark" 
"blaweed" "test2" ".Call" "microbenchmark" 
"blaweed" "test2" ".Call" "microbenchmark" 
"blaweed" "test2" ".Call" "microbenchmark" 
"blaweed" "test2" ".Call" "microbenchmark" 
"blaweed" "test2" ".Call" "microbenchmark" 
"blaweed" "test2" ".Call" "microbenchmark" 
"blaweed" "test2" ".Call" "microbenchmark" 
"blaweed" "test2" ".Call" "microbenchmark" 
"blaweed" "test2" ".Call" "microbenchmark" 
"blaweed" "test2" ".Call" "microbenchmark" 
"blaweed" "test2" ".Cal"blaweed" "testl" "microbenchmark" 
2" ".Call" "microbenchmark" 
"blaweed" "test"blaweed" "test2" ".Call" "microbenchmark" 
2" ".Call" "microbenchmark" 
"bla"blaweed" "test2" ".Call" "microbenchmark" 
weed" "test2" ".Call" "microbenchmark" 
"bla"blaweed" "test2" ".Call" "microbenchmark" 
weed" "test2" ".Call" "microbenchmark" 
"blaweed" "test2" ".Call" "microbenchmark" 
"blaweed" "test2" ".Call" "microbenchmark" 
"blaweed" "test2" ".Call" "microbenchmark" 
"blaweed" "test2" ".Call" "microbenchmark" 
"blaweed" "test2" ".Call" "microbenchmark" 
"blaweed" "test2" ".Call" "microbenchmark" 
"blaweed" "test2" ".Call" "microbenchmark" 
"blaweed" "test2" ".Call" "microbenchmark" 
"blaweed" "test2" ".Call" "microbenchmark" 
"blaweed" "test2" ".Call" "microbenchmark" 
"blaw"blaweed" "test2" ".Call" "microbeneed" chmark" 
"test2" ".Call" "microbenchmark" 
"blaweed" "test2" ".Call" "microbenchmark" 
"blaweed" "test2" ".Call" "microbenchmark" 
"blaweed" "test2" ".Call" "microbenchmark" 
"blaweed" "test2" ".Call" "microbenchmark" 
"blaweed" "test2" ".Call" "microbenchmark" 
"blaweed" "test2" ".Call" "microbenchmark" 
"blaweed" "test2" ".Call" "microbenchmark" 
"blaweed" "test2" ".Call" "microbenchmark" 
"blaweed"bla" "test2" ".Call" "microbenchmark" 
weed" "test2" ".Call" "microbenchmark" 
"blaweed" "test2" ".Call" "microbenchmark" 
"blaweed" "test2" ".Call" "microbenchmark" 
"blaweed" "test2" ".Call" "microbenchmark" 
"blaweed" "test2" ".Call" "microbenchmark" 
"blaweed" "test2" ".Call" "microbenchmark" 
"blaweed" "test2" ".Call" "microbenchmark" 
"blaweed" "test2" ".Call" "microbenchmark" 
"blaweed" "test2" ".Call" "microbenchmark" 
"blaweed" "test2" ".Call" "microbenchmark" 
"blaweed" "test2" ".Call" "microbenchmark" 
"blawe"blaweed" "test2" ".Call" "microbenchmark" 
ed" "test2" ".Call" "microbenchmark" 
"bl"blaweed" "test2" ".Caaweed"ll" "microbenchmark" 
 "test2" ".Call" "microbenchmark" 
""blaweedblaweed" "test2" ".Call" "microbenchmark" 
" "test2" ".Call" "microbenchmark" 
"blaweed" "test2" ".Call" "microbenchmark" 
"blaweed" "test2" ".Call" "microbenchmark" 
"blaweed" "test2" ""bl.Call" "microbenchmark" 
aweed" "test2" ".Call" "microbenchmark" 
"blaw"blaweed" "test2" ".Call" "microbenchmark" 
eed" "test2" ".Call" "microbenchmark" 
"blaweed" "test2" ".Call" "microbenchmark" 
"blaweed" "test2" ".Call" "microbenchmark" 
"blaweed" "test2" ".Call" "microbenchmark" 
"blaweed" "test2" ".Call" "microbenchmark" 
"blaweed" "test2" ".Call" "microbenchmark" 
"blaweed" "test2" ".Call" "microbenchmark" 
"blaweed" "test2" ".Call" "microbenchmark" 
"blaweed" "test2" ".Call" "microbenchmark" 
"blaweed" "test2" ".Call" "microbenchmark" 
"blaweed" "test2" ".Call" "microbenchmark" 
"blaweed" "test2" ".Call" "microbenchmark" 
"blaweed" "test2" ".Call" "microbenchmark" 
"blaweed" "test2" ".Call" "microbenchmark" 
"blaweed" "test2" ".Call" "microbenchmark" 
"blaweed" "test2" ".Call" "microbenchmark" 
"blaweed" "test2" ".Call" "microbenchmark" 
"blaweed" "test2" ".Call" "microbenchmark" 
"blaweed" "test2" ".Call" "microbenchmark" 
"blaweed" "test2" ".Call" "microbenchmark" 
"blaweed" "test2" ".Call" "microbenchmark" 
"blaweed" "test2" ".Call" "microbenchmark" 
"blaweed" "test2" ".Call" "microbenchmark" 
"blaweed" "test2" ".Call" "microbenchmark" 
"blaweed" "test2" ".Call" "microbenchmark" 
"blaweed" "test2" ".Call" "microbenchmark" 
"blaweed" "test2" ".Call" "microbenchmark" 
"blaweed" "test2" ".Call" "microbenchmark" 
"blaweed" "test2" ".Call" "microbenchmark" 
"blaweed" "test2" ".Call" "microbenchmark" 
"blaweed" "test2" ".Call" "microbenchmark" 
"blaweed" "test2" ".Call" "microbenchmark" 
"blaweed" "test2" ".Call" "microbenchmark" 
"blaweed" "test2" ".Call" "microbenchmark" 
"blaweed" "test2" ".Call" "microbenchmark" 
"blaweed" "test2" ".Call" "microbenchmark" 
"blaweed" "test2" ".Call" "microbenchmark" 
"blaweed" "test2" ".Call" "microbenchmark" 
"blaweed" "test2" ".Call" "microbenchmark" 
"blaweed" "test2" ".Call" "microbenchmark" 
"blaweed" "test2" ".Call" "microbenchmark" 
"blaweed" "test2" ".Call" "microbenchmark" 
"blaweed" "test2" ".Call" "microbenchmark" 
"blaweed" "test2" ".Call" "microbenchmark" 
"blaweed" "test2" ".Call" "microbenchmark" 
"blaweed" "test2" ".Call" "microbenchmark" 
"blaweed" "test2" ".Call" "microbenchmark" 
"blaweed" "test2" ".Call" "microbenchmark" 
"blaweed" "test2" ".Call" "microbenchmark" 
"blaweed" "test2" ".Call" "microbenchmark" 
"blaweed" "test2" ".Call" "microbenchmark" 
"blaweed" "test2" ".Call" "microbenchmark" 
"blaweed" "test2" ".Call" "microbenchmark" 
"blaweed" "test2" ".Call" "microbenchmark" "blaweed" "test2" ".Call" "microbenchmark" 

"blaweed" "test2" ".Call" "microbenchmark" 
"blaweed" "test2" ".Call" "microbenchmark" 
"blaweed" "test2" ".Call" "microbenchmark" 
"blaweed" "test2" ".Call" "microbenchmark" 
"blaweed" "test2" ".Call" "microbenchmark" 
"blaweed" "test2" ".Call" "microbenchmark" 
"blaweed" "test2" ".Call" "microbenchmark" 
"blaweed" "test2" ".Call" "microbenchmark" 
"blaweed" "test2" ".Call" "microbenchmark" 
"blaweed" "test2" ".Call" "microbenchmark" 
"blaweed" "test2" ".Call" "microbenchmark" 
"blaweed" "test2" ".Call" "microbenchmark" 
"blaweed" "test2" ".Call" "microbenchmark" 
"blaweed" "test2" ".Call" "microbenchmark" 
"blaweed" "test2" ".Call" "microbenchmark" 
"blaweed" "test2" ".Call" "microbenchmark" 
"blaweed" "test2" ".Call" "blaweed" "test2" ".Call" "mic"mirobenchmark" 
crobenchmark" 
"blaweed" "test2" ".Call" "microbenchmark" 
"blaweed" "test2" ".Call" "microbenchmark" 
"blaweed" "test2" ".Call" "microbenchmark" 
"blaweed" "test2" ".Call" "microbenchmark" 
"blaweed" "test2" ".Call" "microbenchmark" 
"blaweed" "test2" ".Call" "microbenchmark" 
"blaweed" "test2" ".Call" "microbenchmark" 
"blaweed" "test2" ".Call" "microbenchmark" 
"blaweed" "test2" ".Call" "microbenchmark" 
"blaweed" "test2" ".Call" "microbenchmark" 
"blaweed" "test2" ".Call" "microbenchmark" 
"blaweed" "test2" ".Call" "microbenchmark" 
"blaweed" "test2" ".Call" "microbenchmark" "blaweed" "te
st2" ".Call" "microbenchmark" 
"blaweed" "test2" ".Call" "microbenchmark" 
"blaweed" "test2" ".Call" "microbenchmark" 
"blaweed" "test2" ".Call" "microbenchmark" 
"blaweed" "test2" ".Call" "microbenchmark" 
"blaweed" "test2" ".Call" "microbenchmark" 
"blaweed" "test2" ".Call" "microbenchmark" 
"blaweed" "test2" ".Call" "microbenchmark" 
"blaweed" "test2" ".Call" "microbenchmark" 
"blaweed" "test2" ".Call" "microbenchmark" 
"blaweed" "test2" ".Call" "microbenchmark" 
"blaweed" "test2" ".Call" "microbenchmark" 
"blaweed" "test2" ".Call" "microbenchmark" 
"blaweed" "test2" ".Call" "microbenchmark" 
"blaweed" "test2" ".Call" "microbenchmark" 
"blaweed" "test2" ".Call" "microbenchmark" 
"blaweed" "test2" ".Call" "microbenchmark" 
"blaweed" "test2" ".Call" "microbenchmark" 
"blaweed" "test2" ".Call" "microbenchmark" 
"blaweed" "test2" ".Call" "microbenchmark" 
"blaweed" "test2" ".Call" "microbenchmark" 
"blaweed" "test2" ".Call" "microbenchmark" 
"blaweed" "test2" ".Call" "microbenchmark" 
"blaweed" "test2" ".Call" "microbenchmark" 
"blaweed" "test2" ".Call" "microbenchmark" 
"blaweed" "test2" ".Call" "microbenchmark" 
"blaweed" "test2" ".Call" "microbenchmark" 
"blaweed" "test2" ".Call" "microbenchmark" 
"blaweed" "test2" ".Call" "microbenchmark" 
"blaweed" "test2" ".Call" "microbenchmark" 
"blaweed" "test2" ".Call" "microbenchmark" 
"blaweed" "test2" ".Call" "microbenchmark" 
"blaweed" "test2" ".Call" "microbenchmark" 
"blaweed" "test2" ".Call" "microbenchmark" 
"blaweed" "test2" ".Call" "microbenchmark" 
"blaweed" "test2" ".Call" "microbenchmark" 
"blaweed" "test2" ".Call" "microbenchmark" 
"blaweed" "test2" ".Call" "microbenchmark" 
"blaweed" "test2" ".Call" "microbenchmark" 
"blaweed" "test2" ".Call" "microbenchmark" 
"blaweed" "test2" ".Call" "microbenchmark" 
"blaweed" "test2" ".Call" "microbenchmark" 
"blaweed" "test2" ".Call" "microbenchmark" 
"blaweed" "test2" ".Call" "microbenchmark" 
"blaweed" "test2" ".Call" "microbenchmark" 
"blaweed" "test2" ".Call" "microbenchmark" 
"blaweed" "test2" ".Call" "microbenchmark" 
""blaweblaweed" "test2" ".Call" "microbenchmark" 
ed" "test2" ".Call" "microbenchmark" 
"blaweed" "test2" ".Call" "microbenchmark" 
"blaweed" "test2" ".Call" "microbenchmark" 
"blaweed" "test2" ".Call" "microbenchmark" 
"blaweed" "test2" ".Call" "microbenchmark" 
"blaweed" "test2" ".Call" "microbenchmark" 
"blaweed" "test2" ".Call" "microbenchmark" 
"blaweed" "test2" ".Call" "microbenchmark" 
"blaweed" "test2" ".Call" "microbenchmark" 
"blaweed" "test2" ".Call" "microbenchmark" 
"blaweed" "test2" ".Call" "microbenchmark" 
"bl"blaweed" "test2" ".Call" "microbeaweed" "tnchmark" 
est2" ".Call" "microbenchmark" 
"blaweed" "test2" ".Ca"blawell" "microbenchmark" 
ed" "test2" ".Call" "microbenchmark" 
"blaweed" "test2" ".Call" "microbenchmark" 
"blaweed" "test2" ".Call" "microbenchmark" 
"blaweed" "test2" ".Call" "microbenchmark" 
"blaweed" "test2" ".Call" "microbenchmark" 
"blaw"blaweed" "test2" ".Call" "microbenchmark" 
eed" "test2" ".Call" "microbenchmark" 
"blaw"blaweed" "test2ee" ".Call" "microbenchmark" 
d" "test2" ".Call" "microbenchmark" 
"blaweed" "test2" ".Call" "microbenchmark" 
"blaweed" "test2" ".Call" "microbenchmark" 
"blaweed" "test2" ".Call" "microbenchmark" 
"blaweed" "test2" ".Call" "microbenchmark" 
"blaweed" "test2" ".Call" "microbenchmark" 
"blaweed" "test2" ".Call" "microbenchmark" 
"blaweed" "test2" ".Call" "microbenchmark" 
"blaweed" "test2" ".Call" "microbenchmark" 
"blaweed" "test2" ".Call" "microbenchmark" 
"blaweed" "test2" ".Call" "microbenchmark" 
"blaweed" "blaweed" "test2" ".Call" "microbenchmark" 
"test2" ".Call" "microbenchmark" 
"blaweed" "test2" ".Call" "microbenchmark" 
"blaweed" "test2" ".Call" "microbenchmark" 
"blaweed" "test2" ".Call" "microbenchmark" 
"blaweed" "test2" ".Call" "microbenchmark" 
"b"blaweed" "test2" ".Call" "microbenchmark" 
laweed" "test2" ".Call" "microbenchmark" 
""blaweed" "test2" ".Call" "microbenchmablawrk" 
eed" "test2" ".Call" "microbenchmark" 
"blaweed" "test2" ".Call" "microbench"blaweed" "test2" mark" 
".Call" "microbenchmark" 
"blaweed" "test"blaweed" "test2" ".Call" "microbenchmark" 
2" ".Call" "microbenchmark" 
"blaweed" "test2" ".Call" "microbenchmark" 
"blaweed" "test2" ".Call" "microbenchmark" 
"blaweed" "test2" ".Call" "microbenchmark" 
"blaweed" "test2" ".Call" "microbenchmark" 
"blaweed" "test2" ".Call" "microbenchmark" 
"blaweed" "test2" ".Call" "microbenchmark" 
"blaweed" "test2" ".Call" "microbenchmark" 
"blaweed" "test2" ".Call" "microbenchmark" 
"blaweed" "test2" ".Call" "microbenchmark" 
"blaweed" "test2" ".Call" "microbenchmark" 
"blaweed" "test2" ".Call" "microbenchmark" 
"blaweed" "test2" ".Call" "microbenchmark" 
"blaweed" "test2" ".Call" "microbenchmark" 
"blaweed" "test2" ".Call" "microbenchmark" 
"blaweed" "test2" ".Call" "microbenchmark" 
"blaweed" "test2" ".Call" "microbenchmark" 
"blaweed" "test2" ".Call" "microbenchmark" 
"blaweed" "test2" ".Call" "microbenchmark" 
"blaweed" "test2" ".Call" "microbenchmark" 
"blaweed" "test2" ".Call" "microbenchmark" 
"blaweed" "t"blaweedest2" ".Call" "microbenchmark" 
" "test2" ".Call" "microbenchmark" 
"blaweed" "test2" ".Call" "microbenchmark" 
"blaweed" "test2" ".Call" "microbenchmark" 
"blaweed" "test2" ".Call" "microbenchmark" 
"blaweed" "test2" ".Call" "microbenchmark" 
""blaweed" "test2" ".Call" "microbenchmark" 
blaweed" "test2" ".Call" "microbenchmark" 
"blaweed" "test2" ".Call" "microbenchmark" 
"blaweed" "test2" ".Call" "microbenchmark" 
"blaweed" "test2" ".Call" "microbenchmark" 
"blaweed" "test2" ".Call" "microbenchmark" 
"blaw"blaweed" "test2" ".Call" "microbenchmark" 
eed" "test2" ".Call" "microbenchmark" 
"blaweed" "test2" ".Call" "microbenchmark" 
"blaweed" "test2" ".Call" "microbenchmark" 
"blaweed" "test2" ".Call" "mic"blaweedrobenchmark" 
" "test2" ".Call" "microbenchmark" 
"blaweed" "test2" ".Call" "microbenchmark" 
"blaweed" "test2" ".Call" "microbenchmark" 
"blaweed" "t"blaweed" "test2" ".Call" "microbenchmark" 
est2" ".Call" "microbenchmark" 
"bl"blaweed" "test2" ".Call" "microbenchmark" 
aweed" "test2" ".Call" "microbenchmark" 
"blaweed" "test2" ".Call" "microbenchmark""blaweed 
" "test2" ".Call" "microbenchmark" 
"blaweed" "test2" ".Call" "microbenchmark" 
"blaweed" "test2" ".Call" "microbenchmark" 
"blaweed" "test2" ".Call" "microbenchmark" 
"blaweed" "test2" ".Call" "microbenchmark" 
"blaweed" "test2" ".Call" "microbenchmark" 
"blaweed" "test2" ".Call" "microbenchmark" 
"blaweed" "test2" ".Call" "microbenchmark" 
"blaweed" "test2" ".Call" "microbenchmark" 
"blaweed" "test2" ".Call" "microbenchmark" 
"blaweed" "test2" ".Call" "microbenchmark" 
"blaweed" "test2" ".Call" "microbenchmark" 
"blaweed" "test2" ".Call" "microbenchmark" 
"blaweed" "test2" ".Call" "microbenchmark" 
"blaweed" "test2" ".Call" "microbenchmark" 
"blaweed" "test2" ".Call" "microbenchmark" 
"blaweed" "test2" ".Call" "microbenchmark" 
"blaweed" "test2" ".Call" "microbenchmark" 
"blaweed" "test2" ".Call" "microbenchmark" 
"blaweed" "test2" ".Call" "microbenchmark" 
"blaweed" "test2" ".Call" "microbenchmark" 
"blaweed" "test2" ".Call" "microbenchmark" 
"blaweed" "test2" ".Call" "microbenchmark" 
"blaweed" "test2" ".Call" "microbenchmark" 
"blaweed" "test2" ".Call" "microbenchmark" 
"blaweed" "test2" ".Call" "microbenchmark" 
"blaweed" "test2" ".Call" "microbenchmark" 
"blaweed" "test2" ".Call" "microbenchmark" 
"blaweed" "test2" ".Call" "microbenchmark" 
"blaweed" "test2" ".Call" "microbenchmark" 
"blaweed" "test2" ".Call" "microbenchmark" 
"blaweed" "test2" ".Call" "microbenchmark" 
"blaweed" "test2" ".Call" "microbenchmark" 
"blaweed" "test2" ".Call" "microbenchmark" 
"blaweed" "test2" ".Call" "microbenchmark" 
"blaweed" "test2" ".Call" "microbenchmark" 
"blaweed" "test2" ".Call" "microbenchmark" 
"blaweed" "test2" ".Call" "microbenchmark" 
"blaweed" "test2" ".Call" "microbenchmark" 
"blaweed" "test2" ".Call" "microbenchmark" 
"blaweed" "test2" ".Call" "microbenchmark" 
"blaweed" "test2" ".Call" "microbenchmark" 
"blaweed" "test2" ".Call" "microbenchmark" 
"blaweed" "test2" ".Call" "microbenchmark" 
"blaweed" "test2" ".Call" "microbenchmark" 
"blaweed" "test2" ".Call" "microbenchmark" 
"blaweed" "test2" ".Call" "microbenchmark" 
"blaweed" "test2" ".Call" "microbenchmark" 
"blaweed" "test2" ".Call" "microbenchmark" 
"blaweed" "test2" ".Call" "microbenchmark" 
"blaweed" "test2" ".Call" "microbenchmark" 
"blaweed" "te"blaweed" "test2" ".Call" "microbenchmark" st2" ".C
all" "microbenchmark" 
"blaweed" "test2" ".Call" "microbenchmark" 
"blaweed" "test2" ".Call" "microbenchmark" 
"blaweed" "test2" ".Call" "microbenchmark" 
"blaweed" "test2" ".Call" "microbenchmark" 
"blaweed" "test2" ".Call" "microbenchmark" 
"blaweed" "test2" ".Call" "microbenchmark" 
"blaweed" "test2" ".Call" "microbenchmark" 
"blaweed" "test2" ".Call" "microbenchmark" 
"blaweed" "test2" ".Call" "microbenchmark" 
"blaweed" "test2" ".Call" "microbenchmark" 
"blaweed" "test2" ".Call" "microbenchmark" 
"blaweed" "test2" ".Call" "microbenchmark" 
"blaweed" "test2" ".Call" "microbenchmark" 
"blaweed" "test2" ".Call" "microbenchmark" 
""blaweed" "test2" ".Call" "miblaweed" "tcrobenchmestark" 2" ".Call" "mi
crobenchmark" 
"blaweed" "test2" ".Call" "microbenchmark" 
"blaweed" "test2" ".Call" "microbenchmark" 
"blaweed" "test2" ".Call" "microbenchmark" 
"blaweed" "test2" ".Call" "microbenchmark" 
"blaweed" "test2" ".Call" "microbenchmark" 
"blaweed" "test2" ".Call" "microbenchmark" 
"blaweed" "test2" ".Call" "microbenchmark" 
"blaweed" "test2" ".Call" "microbenchmark" 
"blaweed" "test2" ".Call" "microbenchmark" 
"blaweed" "test2" ".Call" "microbenchmark" 
""blaweeblaweed" "td" "test2" est2" "".Call." "microbenchmark" Call" "microbenc
hmark" 
"blaweed" "test2" ".Call" "microbenchmark" 
"blaweed" "test2" ".Call" "microbenchmark" 
"blaweed" "test2" ".Call" "microbenchmark" 
"blaweed" "test2" ".Call" "microbenchmark" 
"blaweed" "test2" ".Call" "microbenchmark" 
"blaweed" "test2" ".Call" "microbenchmark" 
"blaweed" "test2" ".Call" "microbenchmark" 
"blaweed" "test2" ".Call" "microbenchmark" 
"blaweed" "test2" ".Call" "microbenchmark" 
"blaweed" "test2" ".Call" "microbenchmark" 
"blaweed" "test2" ".Call" "microbenchmark" 
"blaweed" "test2" ".Call" "microbenchmark" 
"blaweed" "test2" ".Call" "microbenchmark" 
"blaweed" "test2" ".Call" "microbenchmark" 
"blaweed" "test2" ".Call" "microbenchmark" 
"blaweed" "test2" ".Call" "microbenchmark" 
"blaweed" "test2" ".Call" "microbenchmark" 
"blaweed" "test2" ".Call" "microbenchmark" 
"blaweed" "test2" ".Call" "microbenchmark" 
"blaweed" "test2" ".Call" "microbenchmark" 
"blaweed" "test2" ".Call" "microbenchmark" 
"blaweed" "test2" ".Call" "microbenchmark" 
"blaweed" "test2" ".Call" "microbenchmark" 
"blaweed" "test2" ".Call" "microbenchmark" 
"blaweed" "test2" ".Call" "microbenchmark" 
"blaweed" "test2" ".Call" "microbenchmark" 
"blaweed" "test2" ".Call" "microbenchmark" 
"blaweed" "test2" ".Call" "microbenchmark" 
"blaweed" "test2" ".Call" "microbenchmark" 
"blaweed" "test2" ".Call" "microbenchmark" 
"blaweed" "test2" ".Call" "microbenchmark" 
"blaweed" "test2" ".Call" "microbenchmark" 
"blaweed" "test2" ".Call" "microbenchmark" 
"blaweed" "test2" ".Call" "microbenchmark" 
"blaweed" "test2" ".Call" "microbenchmark" 
"blaweed" "test2" ".Call" "microbenchmark" 
"blaweed" "test2" ".Call" "microbenchmark" 
"blaweed" "test2" ".Call" "microbenchmark" 
""blaweed" "test2" ".Call" "microbenchmark" 
blaweed" "test2" ".Call" "microbenchmark" 
"blaweed" "test2" ".Call" "microbenchmark" 
"blaweed" "test2" ".Call" "microbenchmark" 
"blaweed" "test2" ".Call" "microbenchmark" 
"blaweed" "test2" ".Call" "microbenchmark" 
"blaweed" "test2" ".Call" "microbenchmark" 
"blaweed" "test2" ".Call" "microbenchmark" 
"blaweed" "test2" ".Call" "microbenchmark" 
"blaweed" "test2" ".Call" "microbenchmark" 
"blaweed" "test2" ".Call" "microbenchmark" 
"blaweed" "test2" ".Call" "microbenchmark" 
"blaweed" "test2" ".Call" "microbenchmark" 
"blaweed" "test2" ".Call" "microbenchmark" 
"blaweed" "test2" ".Call" "microbenchmark" 
"blaweed" "test2" ".Call" "microbenchmark" 
"blaweed" "test2" ".Call" "microbenchmark" 
"blaweed" "test2" ".Call" "microbenchmark" 
"blaweed" "test2" ".Call" "microbenchmark" 
"blaweed" "test2" ".Call" "microbenchmark" 
"blaweed" "test2" ".Call" "microbenchmark" 
"blaweed" "test2" ".Call" "microbenchmark" 
"blaweed" "test2" ".Call" "microbenchmark" 
"blaweed" "test2" ".Call" "microbenchmark" 
"blaw"blaweed" "test2" eed" "test2" ".Cal".l" "microbCenchmark" 
all" "microbenchmark" 
"blaweed" "test2" ".Call" "microbenchmark" 
"blaweed" "test2" ".Call" "microbenchmark" 
"blaweed" "test2" ".Call" "microbenchmark" 
"blaweed" "test2" ".Call" "microbenchmark" 
"blaweed" "test2" ".Call" "microbenchmark" 
"blaweed" "test2" ".Call" "microbenchmark" 
"blaweed" "test2" ".Call" "microbenchmark" 
"blaweed" "test2" ".Call" "microbenchmark" 
"blaweed" "test2" ".Call" "microbenchmark" 
"blaweed" "test2" ".Call" "microbenchmark" 
"blaweed" "test2" ".Call" "microbenchmark" 
"blaweed" "test2" ".Call" "microbenchmark" 
"blaweed" "test2" ".Call" "microbenchmark" 
"blaweed" "test2" ".Call" "microbenchmark" 
"blaweed" "test2" ".Call" "microbenchmark" 
"blaweed" "test2" ".Call" "microbenchmark" 
"blaweed" "test2" ".Call" "micro"blaweed"benchm "test2" ".Callark" " "m
icrobenchmark" 
"blaweed" "test2" ".Call" "microbenchmark" 
"blaweed" "test2" ".Call" "microbenchmark" 
"blaweed" "test2" ".Call" "microbenchmark" 
"blaweed" "test2" ".Call" "microbenchmark" 
"blaweed" "test2" ".Call" "microbenchmark" 
"blaweed" "test2" ".Call" "microbenchmark" 
"blaweed" "test2" ".Call" "microbenchmark" 
"blaweed" "test2" ".Call" "microbenchmark" 
"blaweed" "test2" ".Call" "microbenchmark" 
"blaweed" "test2" ".Call" "microbenchmark" 
"blaweed" "test2" ".Call" "microbenchmark" 
"blaweed" "test2" ".Call" "microbenchmark" 
"blaweed" "test2" ".Call" "microbenchmark" 
"blaweed" "test2" ".Call" "microbenchmark" 
""blaweed" "test2" ".Call" "microblaweed" "test2" ".Call"benchmark" 
 "microbenchmark" 
"blaweed" "blaweed" "test2" ".Call" "microbe"tenchmark" 
st2" ".Call" "microbenchmark" 
"blaweed" "test2" ".Call" "microbenchmark" 
"blaweed" "test2" ".Call" "microbenchmark" 
"blaweed" "test2" ".Call" "microbenchmark" 
"blaweed" "test2" ".Call" "microbenchmark" 
"blaweed" "test2" ".Call" "microbenchmark" 
"blaweed" "test2" ".Call" "microbenchmark" 
"blaweed" "test2" ".Call" "microbenchmark" 
"blaweed" "test2" ".Call" "microbenchmark" 
"blaweed" "test2" ".Call" "microbenchmark" 
"blaweed" "test2" ".Call" "microbenchmark" 
""blawblaweeeded" "t" "test2" ".est2Call"" ".Ca "microll" "mibenchmark" 
crobenchmark" 
"blaweed" "test2" ".Call" "microbenchmark" 
"blaweed" "test2" ".Call" "microbenchmark" 
"blaweed" "test2" ".Call" "microbenchmark" 
"blaweed" "test2" ".Call" "microbenchmark" 
"blaweed" "test2" ".Call" "microbenchmark" 
"blaweed" "test2" ".Call" "microbenchmark" 
"blaweed" "test2" ".Call" "microbenchma"blaweedrk" "test2" ".C" all"
 "microbenchmark" 
"blaweed" "test2" ".Call" "microbenchmark" 
"blaweed" "test2" ".Call" "microbenchmark" 
"blaweed" "test2" ".Call" "microbenchmark" 
"blaweed" "test2" ".Call" "microbenchmark" 
"blaweed" "test2" ".Call" "microbenchmark" 
"blaweed" "test2" ".Call" "microbenchmark" 
"blaweed" "test2" ".Call" "microbenchmark" 
"blaweed" "test2" ".Call" "microbenchmark" 
"blaweed" "test2" ".Call" "microbenchmark" 
"blaweed" "test2" ".Call" "microbenchmark" 
"blaweed" "test2" ".Call" "microbenchmark" 
"blaweed" "test2" ".Call" "microbenchmark" 
"blaweed" "test2" ".Call" "microbenchmark" 
"blaweed" "test2" ".Call" "microbenchmark" 
"blaweed" "test2" ".Call" "microbenchmark" 
"blaweed" "test2" ".Call" "microbenchmark" 
"blaweed" "test2" ".Call" "microbenchmark" 
"blaweed" "test2" ".Call" "microbenchmark" 
"blaweed" "test2" ".Call" "microbenchmark" 
"blaweed" "test2" ".Call" "microbenchmark" 
"blaweed" "test2" ".Call" "microbenchmark" 
"blaweed" "test2" ".Call" "microbenchmark" 
"blaweed" "test2" ".Call" "microbenchmark" 
"blaweed" "test2" ".Call" "microbenchmark" 
"blaweed" "test2" ".Call" "microbenchmark" 
"blaweed" "test2" ".Call" "microbenchmark" 
"blaweed" "test2" ".Call" "microbenchmark" 
"blaweed" "test2" ".Call" "microbenchmark" 
"blaweed" "test2" ".Call" "microbenchmark" 
"blaweed" "test2" ".Call" "microbenchmark" 
"blaweed" "test2" ".Call" "microbenchmark" 
"blaweed" "test2" ".Call" "microbenchmark" 
"bl"aweed" "blaweed" "test2" ".Call" "microbenchmtest2" ark" 
".Call" "microbenchmark" 
"blaweed" "test2" ".Call" "microbenchmark" 
"blaweed" "test2" ".Call" "microbenchmark" 
"blaweed" "test2" ".Call" "microbenchmark" 
"blaweed" "test2" ".Call" "microbenchmark" 
"blaweed" "test2" ".Call" "microbenchmark" 
"blaweed" "test2" ".Call" "microbenchmark" 
"blaweed" "test2" ".Call" "microbenchmark" 
"blaweed" "test2" ".Call" "microbenchmark" 
"blaweed" "test2" ".Call" "microbenchmark" "blaweed" "tes
t2" ".Call" "microbenchmark" 
"blaweed" "test2" ".Call" "microbenchmark" "blaweed" "test2" ".Call" "micro
benchmark" 
"blaweed" "test2" ".Call" "microbenchmark" 
"blaweed" "test2" ".Call" "microbenchmark" 
""blaweed" "test2" ".Call" "microbenchmark" 
blaweed" "test2" ".Call" "microbenchmark" 
"blaweed" "test2" ".Call" "microbenchmark" 
"blaweed" "test2" ".Call" "microbenchmark" 
"blaweed" "test2" ".Call" "microbenchmark" 
"blaweed" "test2" ".Call" "microbenchmark" 
"blaweed" "test2" ".Call" "microbenchmark" 
"blaweed" "test2" ".Call" "microbenchmark" 
"blaweed" "test2" ".Call" "microbenchmark" 
"blaweed" "test2" ".Call" "microbenchmark" 
"blaweed" "test2" ".Call"blaw" "microbenchmark" eed" "test2" ".Cal
l" "microbenchmark" 
"blaweed" "test2" ".Call" "microbenchmark" 
"blaweed" "test2" ".Call" "microbenchmark" 
"blaweed" "test2" ".Call" "microbenchmark" 
"blaweed" "test2" ".Call" "microbenchmark" 
"blaweed" "test2" ".Call" "microbenchmark" 
"blaweed" "test2" ".Call" "microbenchmark" 
"blaweed" "test2" ".Call" "microbenchmark" 
"blaweed" "test2" ".Call" "microbenchmark" 
"blaweed" "test2" ".Call" "microbenchmark" 
"blaweed" "test2" ".Call" "microbenchmark" 
"blaweed" "test2" ".Call" "microbenchmark" 
"blaweed" "test2" ".Call" "microbenchmark" 
"blaweed" "test2" ".Call" "microbenchmark" 
"blaweed" "test2" ".Call" "microbenchmark" 
"b"blaweed" "test2" ".Call" "microbenchmark" 
laweed" "test2" ".Call" "microbenchmark" 
"blaweed" "test2" ".Call" "microbenchmark" 
"blaweed" "test2" ".Call" "microbenchmark" 
"blaweed" "test2" ".Call" "microbenchmark" 
"blaweed" "test2" ".Call" "microbenchmark" 
"blaweed" "test2" ".Call" "microbenchmark" 
"blaweed" "test2" ".Call" "microbenchmark" 
"blaweed" "test2" ".Call" "microbenchmark" 
"blaweed" "test2" ".Call" "microbenchmark" 
"blaweed" "test2" ".Call" "microbenchmark" 
"blaweed" "test2" ".Call" "microbenchmark" 
"blaweed" "test2" ".Call" "microbenchmark" 
"blaweed" "test2" ".Call" "microbenchmark" 
"blaweed" "test2" ".Call" "microbenchmark" 
"blaweed" "test2" ".Call" "microbenchmark" 
"blaweed" "test2" ".Call" "microbenchmark" "bl
aweed" "test2" ".Call" "microbenchmark" 
"blaweed" "test2" ".Call" "microbenchmark" 
"blaweed" "test2" ".Call" "microbenchmark" 
"blaweed" "test2" ".Call" "microbenchmark" 
"blaweed" "test2" ".Call" "microbenchmark" 
"blaw"blaeed" "teweed" "test2st2" ".C" "all.Call" "m" icrobe"micrnchmark" 
obenchmark" 
"withVisible" "evalVis" "capture.output" "eval" "doTryCatc"withVisible" "evalVis" "capture.output" "eval" "doTryCatch" "tryCatchOne" "tryh" "tryCatchList" "tryCatch" ".rs.withTimeLimit" ".rs.valueFromStr" "doTryCatch" "tryCatchOne" "tryCatchList" "tryCatch" ".rs.valueAsString" "<Anonymous>" 
CatchOne" "tryCatchList" "tryCatch" ".rs.withTimeLimit" ".rs.valueFromStr" "doTryCatch" "tryCatchOne" "tryCatchList" "tryCatch" ".rs.valueAsString" "<Anonymous>" 
"doTryCatch" "tryCatchO"doTryCatch" "tryCatchOne" "tryCatchList" "tryCatch" ".rs.valueAsString" "<Anonymous>" 
ne" "tryCatchList" "tryCatch" ".rs.valueAsString" "<Anonymous>" 
"parse" "doTryCatch" "tryCatchOne" "tryCatchList" "tryCatch" "withCallingHandlers" "quietly" ".rs.getAnywhere" "args" "print" "eval" "eval" "withVisible" "evalVis" "capture.output" ".rs.getSignature" "<Anonymous>" 
"parse" "doTryCatch" "tryCatchOne" "tryCatchList" "tryCatch" "withCallingHandlers" "quietly" ".rs.getAnywhere" "args" "print" "eval" "eval" "withVisible" "evalVis" "capture.output" ".rs.getSignature" "<Anonymous>" 
".Call" "<Anonymous>" 
".Call" "<Anonymous>" 
